{
  "stats": {
    "suites": 1,
    "tests": 1,
    "passes": 1,
    "pending": 0,
    "failures": 0,
    "start": "2025-02-07T14:35:52.344Z",
    "end": "2025-02-07T14:36:08.737Z",
    "duration": 16393,
    "testsRegistered": 1,
    "passPercent": 100,
    "pendingPercent": 0,
    "other": 0,
    "hasOther": false,
    "skipped": 0,
    "hasSkipped": false
  },
  "results": [
    {
      "uuid": "dbd43030-97ed-49f6-89c4-1a85e20e5013",
      "title": "",
      "fullFile": "cypress\\e2e\\TestFramework.cy.js",
      "file": "cypress\\e2e\\TestFramework.cy.js",
      "beforeHooks": [],
      "afterHooks": [],
      "tests": [],
      "suites": [
        {
          "uuid": "b51a3b85-91b1-4ed9-80dd-599932cb4b86",
          "title": "Framework suit ",
          "fullFile": "",
          "file": "",
          "beforeHooks": [],
          "afterHooks": [],
          "tests": [
            {
              "title": "My First TestCase FrameWork ",
              "fullTitle": "Framework suit  My First TestCase FrameWork ",
              "timedOut": null,
              "duration": 12752,
              "state": "passed",
              "speed": "slow",
              "pass": true,
              "fail": false,
              "pending": false,
              "context": null,
              "code": "const homePage = new _HomePage.default();\nconst productPage = new _ProductPage.default();\nconst shoppage = new _ShopPage.default();\ncy.visit(Cypress.env('url') + \"angularpractice/\");\nhomePage.getName().type(this.data.name);\nhomePage.genderSelect().select(this.data.gender);\n//Assertion\nhomePage.twoWayBindingExample().should('have.value', this.data.name);\nhomePage.getName().should('have.attr', 'minlength', '2');\nhomePage.getEnterprenur().should('be.disabled');\nhomePage.getShop().click();\n/////custome method created to use for clicking on single element\n//  cy.SelectProduct('Blackberry')\n//  cy.SelectProduct('Nokia Edge')\n///New array created in example.json and used custome method to click on each element\nthis.data.productName.forEach(element => {\n  cy.SelectProduct(element);\n});\nproductPage.checkoutButton().click();\nvar sum = 0;\ncy.get('tr td:nth-child(4) strong').each(($e1, indexe, $list) => {\n  const pricevalue = $e1.text();\n  var result = pricevalue.split(\" \");\n  result = result[1].trim();\n  sum = Number(sum) + Number(result);\n}).then(function () {\n  cy.log(sum);\n});\ncy.get('h3 strong').then(function (element) {\n  const TotalAmout = element.text();\n  var result = TotalAmout.split(\" \");\n  var Total = result[1].trim();\n  expect(Number(Total)).to.equal(sum);\n});\nshoppage.checkoutclick().click();\nshoppage.SelectCountry().type('India');\ncy.wait(8000);\nshoppage.clickOnSelcted();\ncy.get('#checkbox2').click({\n  force: true\n});\ncy.get('.ng-untouched > .btn').click();\n//cy.get('.alert').should('have.text','Success! Thank you! Your order will be delivered in next few weeks :-).')\ncy.get('.alert').then(function (element) {\n  const actualText = element.text();\n  expect(actualText.includes(\"Success\")).to.be.true;\n});\ncy.log(\"All tests executed\");",
              "err": {},
              "uuid": "155ae676-b27f-4573-a1ac-34336d55fbd9",
              "parentUUID": "b51a3b85-91b1-4ed9-80dd-599932cb4b86",
              "isHook": false,
              "skipped": false
            }
          ],
          "suites": [],
          "passes": [
            "155ae676-b27f-4573-a1ac-34336d55fbd9"
          ],
          "failures": [],
          "pending": [],
          "skipped": [],
          "duration": 12752,
          "root": false,
          "rootEmpty": false,
          "_timeout": 2000
        }
      ],
      "passes": [],
      "failures": [],
      "pending": [],
      "skipped": [],
      "duration": 0,
      "root": true,
      "rootEmpty": true,
      "_timeout": 2000
    }
  ],
  "meta": {
    "mocha": {
      "version": "7.0.1"
    },
    "mochawesome": {
      "options": {
        "quiet": false,
        "reportFilename": "mochawesome",
        "saveHtml": true,
        "saveJson": true,
        "consoleReporter": "spec",
        "useInlineDiffs": false,
        "code": true
      },
      "version": "7.1.3"
    },
    "marge": {
      "options": null,
      "version": "6.2.0"
    }
  }
}